# JRE version: OpenJDK Runtime Environment (11.0.10) (build 11.0.10+0-b96-7249189)
# Java VM: OpenJDK 64-Bit Server VM (11.0.10+0-b96-7249189, mixed mode, tiered, compressed oops, g1 gc, windows-amd64)
Heap:
 garbage-first heap   total 262144K, used 192615K [0x0000000080000000, 0x0000000100000000)
  region size 1024K, 28 young (28672K), 2 survivors (2048K)
 Metaspace       used 126127K, capacity 129799K, committed 130816K, reserved 1163264K
  class space    used 15975K, capacity 17323K, committed 17664K, reserved 1048576K
GC Heap History (20 events):
Event: 532.992 GC heap before
{Heap before GC invocations=16 (full 0):
 garbage-first heap   total 262144K, used 214634K [0x0000000080000000, 0x0000000100000000)
  region size 1024K, 109 young (111616K), 12 survivors (12288K)
 Metaspace       used 113708K, capacity 116987K, committed 117248K, reserved 1150976K
  class space    used 14772K, capacity 16008K, committed 16128K, reserved 1048576K
}
Event: 533.001 GC heap after
{Heap after GC invocations=17 (full 0):
 garbage-first heap   total 262144K, used 122383K [0x0000000080000000, 0x0000000100000000)
  region size 1024K, 12 young (12288K), 12 survivors (12288K)
 Metaspace       used 113708K, capacity 116987K, committed 117248K, reserved 1150976K
  class space    used 14772K, capacity 16008K, committed 16128K, reserved 1048576K
}
Event: 533.908 GC heap before
{Heap before GC invocations=17 (full 0):
 garbage-first heap   total 262144K, used 216591K [0x0000000080000000, 0x0000000100000000)
  region size 1024K, 104 young (106496K), 12 survivors (12288K)
 Metaspace       used 117587K, capacity 121247K, committed 121472K, reserved 1155072K
  class space    used 15162K, capacity 16480K, committed 16512K, reserved 1048576K
}
Event: 533.918 GC heap after
{Heap after GC invocations=18 (full 0):
 garbage-first heap   total 262144K, used 129618K [0x0000000080000000, 0x0000000100000000)
  region size 1024K, 13 young (13312K), 13 survivors (13312K)
 Metaspace       used 117587K, capacity 121247K, committed 121472K, reserved 1155072K
  class space    used 15162K, capacity 16480K, committed 16512K, reserved 1048576K
}
Event: 575.246 GC heap before
{Heap before GC invocations=18 (full 0):
 garbage-first heap   total 262144K, used 215634K [0x0000000080000000, 0x0000000100000000)
  region size 1024K, 98 young (100352K), 13 survivors (13312K)
 Metaspace       used 118943K, capacity 123044K, committed 123392K, reserved 1155072K
  class space    used 15313K, capacity 16791K, committed 16896K, reserved 1048576K
}
Event: 575.257 GC heap after
{Heap after GC invocations=19 (full 0):
 garbage-first heap   total 262144K, used 136440K [0x0000000080000000, 0x0000000100000000)
  region size 1024K, 8 young (8192K), 8 survivors (8192K)
 Metaspace       used 118943K, capacity 123044K, committed 123392K, reserved 1155072K
  class space    used 15313K, capacity 16791K, committed 16896K, reserved 1048576K
}
Event: 575.865 GC heap before
{Heap before GC invocations=19 (full 0):
 garbage-first heap   total 262144K, used 216312K [0x0000000080000000, 0x0000000100000000)
  region size 1024K, 87 young (89088K), 8 survivors (8192K)
 Metaspace       used 121225K, capacity 125496K, committed 125696K, reserved 1157120K
  class space    used 15608K, capacity 17142K, committed 17152K, reserved 1048576K
}
Event: 575.879 GC heap after
{Heap after GC invocations=20 (full 0):
 garbage-first heap   total 262144K, used 143079K [0x0000000080000000, 0x0000000100000000)
  region size 1024K, 7 young (7168K), 7 survivors (7168K)
 Metaspace       used 121225K, capacity 125496K, committed 125696K, reserved 1157120K
  class space    used 15608K, capacity 17142K, committed 17152K, reserved 1048576K
}
Event: 576.596 GC heap before
{Heap before GC invocations=21 (full 0):
 garbage-first heap   total 262144K, used 219879K [0x0000000080000000, 0x0000000100000000)
  region size 1024K, 81 young (82944K), 7 survivors (7168K)
 Metaspace       used 122538K, capacity 126314K, committed 127488K, reserved 1159168K
  class space    used 15574K, capacity 16949K, committed 17408K, reserved 1048576K
}
Event: 576.610 GC heap after
{Heap after GC invocations=22 (full 0):
 garbage-first heap   total 262144K, used 162787K [0x0000000080000000, 0x0000000100000000)
  region size 1024K, 11 young (11264K), 11 survivors (11264K)
 Metaspace       used 122538K, capacity 126314K, committed 127488K, reserved 1159168K
  class space    used 15574K, capacity 16949K, committed 17408K, reserved 1048576K
}
Event: 576.617 GC heap before
{Heap before GC invocations=22 (full 0):
 garbage-first heap   total 262144K, used 163811K [0x0000000080000000, 0x0000000100000000)
  region size 1024K, 12 young (12288K), 11 survivors (11264K)
 Metaspace       used 122538K, capacity 126314K, committed 127488K, reserved 1159168K
  class space    used 15574K, capacity 16949K, committed 17408K, reserved 1048576K
}
Event: 576.625 GC heap after
{Heap after GC invocations=23 (full 0):
 garbage-first heap   total 262144K, used 154440K [0x0000000080000000, 0x0000000100000000)
  region size 1024K, 2 young (2048K), 2 survivors (2048K)
 Metaspace       used 122538K, capacity 126314K, committed 127488K, reserved 1159168K
  class space    used 15574K, capacity 16949K, committed 17408K, reserved 1048576K
}
Event: 576.638 GC heap before
{Heap before GC invocations=23 (full 0):
 garbage-first heap   total 262144K, used 155464K [0x0000000080000000, 0x0000000100000000)
  region size 1024K, 4 young (4096K), 2 survivors (2048K)
 Metaspace       used 122545K, capacity 126314K, committed 127488K, reserved 1159168K
  class space    used 15574K, capacity 16949K, committed 17408K, reserved 1048576K
}
Event: 576.641 GC heap after
{Heap after GC invocations=24 (full 0):
 garbage-first heap   total 262144K, used 154087K [0x0000000080000000, 0x0000000100000000)
  region size 1024K, 2 young (2048K), 2 survivors (2048K)
 Metaspace       used 122545K, capacity 126314K, committed 127488K, reserved 1159168K
  class space    used 15574K, capacity 16949K, committed 17408K, reserved 1048576K
}
Event: 577.275 GC heap before
{Heap before GC invocations=25 (full 0):
 garbage-first heap   total 262144K, used 223719K [0x0000000080000000, 0x0000000100000000)
  region size 1024K, 59 young (60416K), 2 survivors (2048K)
 Metaspace       used 123202K, capacity 126922K, committed 128000K, reserved 1159168K
  class space    used 15624K, capacity 16961K, committed 17408K, reserved 1048576K
}
Event: 577.282 GC heap after
{Heap after GC invocations=26 (full 0):
 garbage-first heap   total 262144K, used 166752K [0x0000000080000000, 0x0000000100000000)
  region size 1024K, 8 young (8192K), 8 survivors (8192K)
 Metaspace       used 123202K, capacity 126922K, committed 128000K, reserved 1159168K
  class space    used 15624K, capacity 16961K, committed 17408K, reserved 1048576K
}
Event: 577.330 GC heap before
{Heap before GC invocations=26 (full 0):
 garbage-first heap   total 262144K, used 170848K [0x0000000080000000, 0x0000000100000000)
  region size 1024K, 12 young (12288K), 8 survivors (8192K)
 Metaspace       used 123205K, capacity 126922K, committed 128000K, reserved 1159168K
  class space    used 15624K, capacity 16961K, committed 17408K, reserved 1048576K
}
Event: 577.336 GC heap after
{Heap after GC invocations=27 (full 0):
 garbage-first heap   total 262144K, used 166347K [0x0000000080000000, 0x0000000100000000)
  region size 1024K, 2 young (2048K), 2 survivors (2048K)
 Metaspace       used 123205K, capacity 126922K, committed 128000K, reserved 1159168K
  class space    used 15624K, capacity 16961K, committed 17408K, reserved 1048576K
}
Event: 577.747 GC heap before
{Heap before GC invocations=27 (full 0):
 garbage-first heap   total 262144K, used 214475K [0x0000000080000000, 0x0000000100000000)
  region size 1024K, 49 young (50176K), 2 survivors (2048K)
 Metaspace       used 126044K, capacity 129729K, committed 130816K, reserved 1163264K
  class space    used 15967K, capacity 17321K, committed 17664K, reserved 1048576K
}
Event: 577.751 GC heap after
{Heap after GC invocations=28 (full 0):
 garbage-first heap   total 262144K, used 167015K [0x0000000080000000, 0x0000000100000000)
  region size 1024K, 2 young (2048K), 2 survivors (2048K)
 Metaspace       used 126044K, capacity 129729K, committed 130816K, reserved 1163264K
  class space    used 15967K, capacity 17321K, committed 17664K, reserved 1048576K
}

